#
# There is insufficient memory for the Java Runtime Environment to continue.
# Native memory allocation (mmap) failed to map 58720256 bytes for G1 virtual space
# Possible reasons:
#   The system is out of physical RAM or swap space
#   The process is running with CompressedOops enabled, and the Java Heap may be blocking the growth of the native heap
# Possible solutions:
#   Reduce memory load on the system
#   Increase physical memory or swap space
#   Check if swap backing store is full
#   Decrease Java heap size (-Xmx/-Xms)
#   Decrease number of Java threads
#   Decrease Java thread stack sizes (-Xss)
#   Set larger code cache with -XX:ReservedCodeCacheSize=
#   JVM is running with Unscaled Compressed Oops mode in which the Java heap is
#     placed in the first 4GB address space. The Java Heap base address is the
#     maximum limit for the native heap growth. Please use -XX:HeapBaseMinAddress
#     to set the Java Heap base and to place the Java Heap above 4GB virtual address.
# This output file may be truncated or incomplete.
#
#  Out of Memory Error (os_windows.cpp:3769), pid=260, tid=19612
#
# JRE version:  (17.0.6) (build )
# Java VM: OpenJDK 64-Bit Server VM (17.0.6+0-b2043.56-10027231, mixed mode, sharing, tiered, compressed oops, compressed class ptrs, g1 gc, windows-amd64)
# No core dump will be written. Minidumps are not enabled by default on client versions of Windows
#

---------------  S U M M A R Y ------------

Command Line: git4idea.http.GitAskPassApp Username for 'https://github.com': 

Host: AMD Ryzen 3 3300U with Radeon Vega Mobile Gfx  , 4 cores, 3G,  Windows 11 , 64 bit Build 22621 (10.0.22621.2506)
Time: Sun Dec 17 14:14:03 2023 SE Asia Standard Time elapsed time: 0.042364 seconds (0d 0h 0m 0s)

---------------  T H R E A D  ---------------

Current thread (0x0000022c51048570):  JavaThread "Unknown thread" [_thread_in_vm, id=19612, stack(0x0000005195000000,0x0000005195100000)]

Stack: [0x0000005195000000,0x0000005195100000]
Native frames: (J=compiled Java code, j=interpreted, Vv=VM code, C=native code)
V  [jvm.dll+0x683c9a]
V  [jvm.dll+0x8427a4]
V  [jvm.dll+0x843f9e]
V  [jvm.dll+0x844603]
V  [jvm.dll+0x249b75]
V  [jvm.dll+0x680b69]
V  [jvm.dll+0x67505a]
V  [jvm.dll+0x309acb]
V  [jvm.dll+0x310f86]
V  [jvm.dll+0x3608ee]
V  [jvm.dll+0x360b1f]
V  [jvm.dll+0x2dfbf8]
V  [jvm.dll+0x2e0b64]
V  [jvm.dll+0x814091]
V  [jvm.dll+0x36e6a1]
V  [jvm.dll+0x7f35cc]
V  [jvm.dll+0x3f0e8f]
V  [jvm.dll+0x3f29d1]
C  [jli.dll+0x526b]
C  [ucrtbase.dll+0x29363]
C  [KERNEL32.DLL+0x1257d]
C  [ntdll.dll+0x5aa58]


---------------  P R O C E S S  ---------------

Threads class SMR info:
_java_thread_list=0x00007ffee2a7c058, length=0, elements={
}

Java Threads: ( => current thread )

Other Threads:
  0x0000022c51081f80 GCTaskThread "GC Thread#0" [stack: 0x0000005195100000,0x0000005195200000] [id=13372]
  0x0000022c51089c40 ConcurrentGCThread "G1 Main Marker" [stack: 0x0000005195200000,0x0000005195300000] [id=1808]
  0x0000022c5108adf0 ConcurrentGCThread "G1 Conc#0" [stack: 0x0000005195300000,0x0000005195400000] [id=15228]

[error occurred during error reporting (printing all threads), id 0xc0000005, EXCEPTION_ACCESS_VIOLATION (0xc0000005) at pc=0x00007ffee2230797]

VM state: not at safepoint (not fully initialized)

VM Mutex/Monitor currently owned by a thread:  ([mutex/lock_event])
[0x0000022c51045de0] Heap_lock - owner thread: 0x0000022c51048570

Heap address: 0x00000000c9400000, size: 876 MB, Compressed Oops mode: 32-bit

CDS archive(s) mapped at: [0x0000000000000000-0x0000000000000000-0x0000000000000000), size 0, SharedBaseAddress: 0x0000000800000000, ArchiveRelocationMode: 0.
Narrow klass base: 0x0000000000000000, Narrow klass shift: 0, Narrow klass range: 0x0

GC Precious Log:
<Empty>

Heap:
 garbage-first heap   total 0K, used 0K [0x00000000c9400000, 0x0000000100000000)
  region size 1024K, 0 young (0K), 0 survivors (0K)

[error occurred during error reporting (printing heap information), id 0xc0000005, EXCEPTION_ACCESS_VIOLATION (0xc0000005) at pc=0x00007ffee261da89]

GC Heap History (0 events):
No events

Dll operation events (1 events):
Event: 0.028 Loaded shared library C:\Program Files\Android\Android Studio1\jbr\bin\java.dll

Deoptimization events (0 events):
No events

Classes unloaded (0 events):
No events

Classes redefined (0 events):
No events

Internal exceptions (0 events):
No events

VM Operations (0 events):
No events

Events (0 events):
No events


Dynamic libraries:
0x00007ff77f190000 - 0x00007ff77f19a000 	C:\Program Files\Android\Android Studio1\jbr\bin\java.exe
0x00007fff4bb10000 - 0x00007fff4bd27000 	C:\WINDOWS\SYSTEM32\ntdll.dll
0x00007fff4af30000 - 0x00007fff4aff4000 	C:\WINDOWS\System32\KERNEL32.DLL
0x00007fff49440000 - 0x00007fff497e6000 	C:\WINDOWS\System32\KERNELBASE.dll
0x00007fff48f20000 - 0x00007fff49031000 	C:\WINDOWS\System32\ucrtbase.dll
0x00007fff0d620000 - 0x00007fff0d637000 	C:\Program Files\Android\Android Studio1\jbr\bin\jli.dll
0x00007ffebe0b0000 - 0x00007ffebe0cb000 	C:\Program Files\Android\Android Studio1\jbr\bin\VCRUNTIME140.dll
0x00007fff49fa0000 - 0x00007fff4a14e000 	C:\WINDOWS\System32\USER32.dll
0x00007fff49410000 - 0x00007fff49436000 	C:\WINDOWS\System32\win32u.dll
0x00007fff4b000000 - 0x00007fff4b029000 	C:\WINDOWS\System32\GDI32.dll
0x00007fff49040000 - 0x00007fff49158000 	C:\WINDOWS\System32\gdi32full.dll
0x00007fff48e80000 - 0x00007fff48f1a000 	C:\WINDOWS\System32\msvcp_win.dll
0x00007fff2c930000 - 0x00007fff2cbc3000 	C:\WINDOWS\WinSxS\amd64_microsoft.windows.common-controls_6595b64144ccf1df_6.0.22621.2506_none_270c5ae97388e100\COMCTL32.dll
0x00007fff4adb0000 - 0x00007fff4ae57000 	C:\WINDOWS\System32\msvcrt.dll
0x00007fff4b030000 - 0x00007fff4b061000 	C:\WINDOWS\System32\IMM32.DLL
0x00007fff20770000 - 0x00007fff2077c000 	C:\Program Files\Android\Android Studio1\jbr\bin\vcruntime140_1.dll
0x00007ffebe020000 - 0x00007ffebe0ad000 	C:\Program Files\Android\Android Studio1\jbr\bin\msvcp140.dll
0x00007ffee1f40000 - 0x00007ffee2bae000 	C:\Program Files\Android\Android Studio1\jbr\bin\server\jvm.dll
0x00007fff4acf0000 - 0x00007fff4ada1000 	C:\WINDOWS\System32\ADVAPI32.dll
0x00007fff4a5d0000 - 0x00007fff4a675000 	C:\WINDOWS\System32\sechost.dll
0x00007fff4abd0000 - 0x00007fff4ace7000 	C:\WINDOWS\System32\RPCRT4.dll
0x00007fff29d10000 - 0x00007fff29d19000 	C:\WINDOWS\SYSTEM32\WSOCK32.dll
0x00007fff42480000 - 0x00007fff424b4000 	C:\WINDOWS\SYSTEM32\WINMM.dll
0x00007fff414a0000 - 0x00007fff414aa000 	C:\WINDOWS\SYSTEM32\VERSION.dll
0x00007fff4ba50000 - 0x00007fff4bac1000 	C:\WINDOWS\System32\ws2_32.DLL
0x00007fff47e50000 - 0x00007fff47e68000 	C:\WINDOWS\SYSTEM32\kernel.appcore.dll
0x00007fff38660000 - 0x00007fff3866a000 	C:\Program Files\Android\Android Studio1\jbr\bin\jimage.dll
0x00007fff39600000 - 0x00007fff39833000 	C:\WINDOWS\SYSTEM32\DBGHELP.DLL
0x00007fff4a680000 - 0x00007fff4aa09000 	C:\WINDOWS\System32\combase.dll
0x00007fff4b960000 - 0x00007fff4ba37000 	C:\WINDOWS\System32\OLEAUT32.dll
0x00007fff39910000 - 0x00007fff39942000 	C:\WINDOWS\SYSTEM32\dbgcore.DLL
0x00007fff49160000 - 0x00007fff491da000 	C:\WINDOWS\System32\bcryptPrimitives.dll
0x00007fff26220000 - 0x00007fff26245000 	C:\Program Files\Android\Android Studio1\jbr\bin\java.dll

dbghelp: loaded successfully - version: 4.0.5 - missing functions: none
symbol engine: initialized successfully - sym options: 0x614 - pdb path: .;C:\Program Files\Android\Android Studio1\jbr\bin;C:\WINDOWS\SYSTEM32;C:\WINDOWS\WinSxS\amd64_microsoft.windows.common-controls_6595b64144ccf1df_6.0.22621.2506_none_270c5ae97388e100;C:\Program Files\Android\Android Studio1\jbr\bin\server

VM Arguments:
java_command: git4idea.http.GitAskPassApp Username for 'https://github.com': 
java_class_path (initial): C:/Program Files/Android/Android Studio1/plugins/vcs-git/lib/git4idea-rt.jar;C:/Program Files/Android/Android Studio1/lib/externalProcess-rt.jar;C:/Program Files/Android/Android Studio1/lib/app.jar;C:/Program Files/Android/Android Studio1/lib/3rd-party-rt.jar
Launcher Type: SUN_STANDARD

[Global flags]
     intx CICompilerCount                          = 3                                         {product} {ergonomic}
     uint ConcGCThreads                            = 1                                         {product} {ergonomic}
     uint G1ConcRefinementThreads                  = 4                                         {product} {ergonomic}
   size_t G1HeapRegionSize                         = 1048576                                   {product} {ergonomic}
    uintx GCDrainStackTargetSize                   = 64                                        {product} {ergonomic}
   size_t InitialHeapSize                          = 58720256                                  {product} {ergonomic}
   size_t MarkStackSize                            = 4194304                                   {product} {ergonomic}
   size_t MaxHeapSize                              = 918552576                                 {product} {ergonomic}
   size_t MinHeapDeltaBytes                        = 1048576                                   {product} {ergonomic}
   size_t MinHeapSize                              = 8388608                                   {product} {ergonomic}
    uintx NonNMethodCodeHeapSize                   = 5832780                                {pd product} {ergonomic}
    uintx NonProfiledCodeHeapSize                  = 122912730                              {pd product} {ergonomic}
    uintx ProfiledCodeHeapSize                     = 122912730                              {pd product} {ergonomic}
    uintx ReservedCodeCacheSize                    = 251658240                              {pd product} {ergonomic}
     bool SegmentedCodeCache                       = true                                      {product} {ergonomic}
   size_t SoftMaxHeapSize                          = 918552576                              {manageable} {ergonomic}
     bool UseCompressedClassPointers               = true                           {product lp64_product} {ergonomic}
     bool UseCompressedOops                        = true                           {product lp64_product} {ergonomic}
     bool UseG1GC                                  = true                                      {product} {ergonomic}
     bool UseLargePagesIndividualAllocation        = false                                  {pd product} {ergonomic}

Logging:
Log output configuration:
 #0: stdout all=warning uptime,level,tags
 #1: stderr all=off uptime,level,tags

Environment Variables:
JAVA_HOME=C:\Program Files\Java\jdk-20
PATH=C:\Program Files\Git\mingw64\libexec\git-core;C:\Program Files\Git\mingw64\libexec\git-core;C:\Program Files\Git\mingw64\bin;C:\Program Files\Git\usr\bin;C:\Users\mmuiz\bin;C:\Program Files\Common Files\Oracle\Java\javapath;C:\Users\mmuiz\AppData\Roaming\Python\Python310\Scripts;C:\oracle\product\10.2.0\db_1\bin;C:\WINDOWS\system32;C:\WINDOWS\System32\Wbem;C:\WINDOWS\System32\WindowsPowerShell\v1.0;C:\WINDOWS\System32\OpenSSH;C:\Program Files (x86)\Microsoft SQL Server\100\DTS\Binn;C:\xampp\php;C:\WINDOWS;C:\Users\defaultuser100000\Desktop\node_modules\npm\bin;C:\Program Files\Java\jdk-20\bin;C:\Program Files\nodejs;C:\Program Files\Git\cmd;C:\Program Files (x86)\Microsoft SQL Server\100\Tools\Binn\VSShell\Common7\IDE;C:\Program Files (x86)\Microsoft SQL Server\100\Tools\Binn;C:\Users\mmuiz\AppData\Local\Programs\Python\Python311\Scripts;C:\Users\mmuiz\AppData\Local\Programs\Python\Python311;C:\Users\mmuiz\AppData\Local\Microsoft\WindowsApps;C:\Users\mmuiz\AppData\Local\Microsoft\WindowsApps;C:\Users\mmuiz\AppData\Roaming\npm;C:\Users\mmuiz\AppData\Local\Programs\Microsoft VS Code\bin;C:\Program Files\JetBrains\IntelliJ IDEA Community Edition 2023.2.3\bin
USERNAME=mmuiz
DISPLAY=:0.0
LC_ALL=en_US.UTF-8
TERM=xterm-256color
TMPDIR=C:\Users\mmuiz\AppData\Local\Temp
OS=Windows_NT
PROCESSOR_IDENTIFIER=AMD64 Family 23 Model 24 Stepping 1, AuthenticAMD
TMP=C:\Users\mmuiz\AppData\Local\Temp
TEMP=C:\Users\mmuiz\AppData\Local\Temp


JNI global refs:

[error occurred during error reporting (JNI global references), id 0xc0000005, EXCEPTION_ACCESS_VIOLATION (0xc0000005) at pc=0x00007ffee1ff7a10]


---------------  S Y S T E M  ---------------

OS:
 Windows 11 , 64 bit Build 22621 (10.0.22621.2506)
OS uptime: 3 days 1:59 hours
Hyper-V role detected

CPU: total 4 (initial active 4) (4 cores per cpu, 1 threads per core) family 23 model 24 stepping 1 microcode 0x0, cx8, cmov, fxsr, mmx, 3dnowpref, sse, sse2, sse3, ssse3, sse4a, sse4.1, sse4.2, popcnt, lzcnt, tsc, tscinvbit, avx, avx2, aes, clmul, bmi1, bmi2, adx, sha, fma, vzeroupper, clflush, clflushopt, hv

Memory: 4k page, system-wide physical 3499M (312M free)
TotalPageFile size 14251M (AvailPageFile size 34M)
current process WorkingSet (physical memory assigned to process): 10M, peak: 10M
current process commit charge ("private bytes"): 51M, peak: 107M

vm_info: OpenJDK 64-Bit Server VM (17.0.6+0-b2043.56-10027231) for windows-amd64 JRE (17.0.6+0-b2043.56-10027231), built on Apr 28 2023 00:43:19 by "androidbuild" with MS VC++ 16.10 / 16.11 (VS2019)

END.
